1
 
 
 
 
                      Warning: This computer program is protected by copyright law and international treaties.       
                  Unauthorized use, reproduction or distribution of this computer program, or any portion of it, may 
                                          result in severe civil and criminal penalties.                             
                         Copyright (C) 2018 MSC Software Corporation and its licensors. All rights reserved.         
 
 
                                              * * * * * * * * * * * * * * * * * * * *
                                              * * * * * * * * * * * * * * * * * * * *
                                              * *                                 * *
                                              * *           MSC Software          * *
                                              * *               CORP              * *
                                              * *                                 * *
                                              * *      M S C   N a s t r a n      * *
                                              * *                                 * *
                                              * *                                 * *
                                              * *                                 * *
                                              * *     Version 2019.0.0-CL621679   * *
                                              * *                                 * *
                                              * *                                 * *
                                              * *                                 * *
                                              * *          DEC 18, 2018           * *
                                              * *                                 * *
                                              * *              Intel              * *
                                              * *     MODEL Xeon/6733 (eval)      * *
                                              * *     Windows 10 Pro 6.2 9200     * *
                                              * * Compiled for 8664 (SINGLE Mode) * *
                                              * *                                 * *
                                              * * * * * * * * * * * * * * * * * * * *
                                              * * * * * * * * * * * * * * * * * * * *
1News file - (November 7, 2018)
  
               Welcome to MSC Nastran 2019.0
  
  
   MSC Nastran brings powerful new features and enhancements for engineering
   solutions.
  
     Dynamics
     -  RFORCE and GRAV loads can now be optionally applied to a subset of
        the model
  
     SOL 128 (Nonlinear Harmonics) Rotordynamics Enhancements
     -  Option to reset initial conditions
     -  Nonlinear load output
     -  Output for multiple harmonics
     -  Support for continuation procedure for frequency-independent analysis
  
     Pyramid Element
     -  The linear and quadratic pyramid element is available in linear
        solutions: statics, modes, buckling, frequency and transient dynamics,
        linear contact, acoustics, fatigue, rotordynamics, aeroelasticity and
        design optimization
     -  The element is also available in SOL 400 for linear, nlstatics,
        nltransient and linear perturbation solutions
  
     Assembly
     -  Module Instantiation:  Allow copy of a primary Module to create
        a secondary Module at a new position by translation, rotation and mirror
  
     Contact
     -  Support geometry adjustment of initial stress free in S2S Contact
     -  Support model check output in S2S Contact
     -  Allow user input minimum angle between segments on BCPARA
  
     SOL 400 Implicit Nonlinear Analysis
     -  Support Automatic SGLUE setup for permanent glued contact with large
        deformation
     -  Reduce the debug output when using "NLOPRM NLDBG(N3DSUM)"
     -  Support MONPNT1, MONPNT3, MONSUM, MONSUM1, and MONSUMT in NLSTAT
        and NLTRAN
  
     SOL 700 Explicit Nonlinear Analysis
     -  Support failure of ACS surface and DMP of ACS algorithm
     -  Support Occupant Safety, including Articulated Total Body (ATB),
        Initial Metric Method (IMM) and Air bag fabric material model (MATFAB)
     -  Support Viscoelastic Material (MATVE), Localized Cohesive friction, and
        User Defined Services (UDS)
  
     High Performance Computing (HPC)
1    -  Improved performance and scalability of acoustic coupling reduction
        with ACMS for large models
     -  Improved performance for ACMS Phase 1 for large solid models
     -  Improved performance (up to 10X) in the RANDOM module
     -  New DMP implementation for Panel Participation factor calculation
        (PFCALC) with linear parallel scaling
     -  Performance enhancements for FASTFR through shared-memory
        parallelization (SMP) of frequency processing
  
  
     Results HDF5 Database
     -  Support outputs of Aerodynamic solution SOL144, 145 and 146 results
     -  Support Modal effective  mass, Modules,  Contact Check and
        Global contact body data
     -  Support Bar/Beam end loads under the shear stress effect of 2D elements
  
  
     Documentation
     The complete documentation set is provided in a separate installer and
     when installed is available at: MSC_DOC_DIR/doc/pdf_nastran directory.
     Where MSC_DOC_DIR is the directory where documentation was installed
     This help set has cross references between documents, links to how-to
     videos, and example files.
  
     Individual MSC Nastran documents are available for download from the
       Simcompanion Website at:
       http://simcompanion.mscsoftware.com/
  
     These documents were updated for the MSC Nastran 2019 Release
  
         1.  MSC Nastran 2019.0 Installation and Operations Guide
         2.  MSC Nastran 2019.0 Quick Reference Guide
         3.  MSC Nastran 2019.0 Release Guide
         4.  MSC Nastran 2019.0 Linear Statics Analysis User's Guide
         5.  MSC Nastran 2019.0 Dynamic Analysis User's Guide
         6.  MSC Nastran 2019.0 Superelements User's Guide
         7.  MSC Nastran 2019.0 Rotordynamics User's Guide
         8.  MSC Nastran 2019.0 Demonstration Problems Manual
         9.  MSC Nastran 2019.0 Nastran Embedded Fatigue User's Guide
        10.  MSC Nastran 2019.0 Design Sensitivity and Optimization
        11.  MSC Nastran 2019.0 Nonlinear User's Guide SOL 400
        12.  MSC Nastran 2019.0 DMAP Programmer's Guide
        13.  MSC Nastran 2019.0 High Performance Computing User's Guide
        14.  MSC Nastran 2019.0 DEMATD Guide
        15.  MSC Nastran 2019.0 Explicit Nonlinear (SOL 700) User's Guide
  
   Please refer to  MSC_DOC_DIR/doc/pdf_nastran/nastran_library.pdf
   for the complete document set:
  
  
1  Additional information about the release can be found at the MSC Nastran
   Product Support page: http://simcompanion.mscsoftware.com
  
   The support page provides links to these valuable information:
      * A searchable Knowledge Base containing examples and answers to thousands
        of frequently asked questions written by MSC Software subject-matter
        experts.
      * Peer-to-peer Discussion Forums enabling you to post questions for your
        MSC Software products and receive answers from other users worldwide.
      * A list of known issues with the product and any workarounds.
      * Instructions on how to contact technical support
      * A mechanism for sending us product feedback or enhancement requests.
      * Hardware and software requirements.
      * Examples and Tutorials
      * and much more.
  
   For information on training, please visit our Training web site
  
      http://www.mscsoftware.com/Contents/Services/Training/
  
1                                                                             APRIL  22, 2025  MSC Nastran 12/18/18   PAGE     1
                                                                                                                                    
0        N A S T R A N    F I L E    A N D    S Y S T E M    P A R A M E T E R    E C H O                                           
0                                                                                                                                   
                                                                                                                                    
                                                                                                                                    
     $ SYSFIELD=SCR*(RAW=YES,BUFFIO=YES,WNUM=16,WSIZE=16MB) $(C:/MSC.SOFTWARE/MSC_NAS
     $ SYSFIELD=DBALL(RAW=YES,BUFFIO=YES,WNUM=16,WSIZE=16MB) $(C:/MSC.SOFTWARE/MSC_NA
     NASTRAN BUFFSIZE=32769 $(C:/MSC.SOFTWARE/MSC_NASTRAN/20190/CONF/NAST20190.RCF[6]
     $$------------------------------------------------------------------------------
     $$                                                                              
     $$ NASTRAN INPUT DECK GENERATED BY HYPERMESH VERSION  :2025.0.0.24              
     $$ GENERATED USING HYPERMESH-NASTRAN TEMPLATE VERSION : 2025.0.0.24-168648      
     $$                                                                              
     $$   TEMPLATE:  NASTRANMSC GENERAL                                              
     $$                                                                              
     $$------------------------------------------------------------------------------
     $$------------------------------------------------------------------------------
     $$                      EXECUTIVE CONTROL CARDS                                 
     $$------------------------------------------------------------------------------
1                                                                             APRIL  22, 2025  MSC Nastran 12/18/18   PAGE     2
                                                                                                                                    
0        N A S T R A N    E X E C U T I V E    C O N T R O L    E C H O                                                             
0                                                                                                                                   
                                                                                                                                    
                                                                                                                                    
     CEND                                                                                    
 *** USER INFORMATION MESSAGE 480 (XSEMIN)
     JOB TERMINATED DUE TO LACK OF SOL, COMPILE, OR LINK CARDS IN THE EXECUTIVE CONTROL SECTION.
 
 No PARAM values were set in the Control File.
 
1                                        * * * END OF JOB * * *
 
 
No Symbolic Replacement variables or values were specified.

