1
 
 
 
 
                      Warning: This computer program is protected by copyright law and international treaties.       
                  Unauthorized use, reproduction or distribution of this computer program, or any portion of it, may 
                                          result in severe civil and criminal penalties.                             
                         Copyright (C) 2018 MSC Software Corporation and its licensors. All rights reserved.         
 
 
                                              * * * * * * * * * * * * * * * * * * * *
                                              * * * * * * * * * * * * * * * * * * * *
                                              * *                                 * *
                                              * *           MSC Software          * *
                                              * *               CORP              * *
                                              * *                                 * *
                                              * *      M S C   N a s t r a n      * *
                                              * *                                 * *
                                              * *                                 * *
                                              * *                                 * *
                                              * *     Version 2019.0.0-CL621679   * *
                                              * *                                 * *
                                              * *                                 * *
                                              * *                                 * *
                                              * *          DEC 18, 2018           * *
                                              * *                                 * *
                                              * *              Intel              * *
                                              * *     MODEL Xeon/6733 (eval)      * *
                                              * *     Windows 10 Pro 6.2 9200     * *
                                              * * Compiled for 8664 (SINGLE Mode) * *
                                              * *                                 * *
                                              * * * * * * * * * * * * * * * * * * * *
                                              * * * * * * * * * * * * * * * * * * * *
1News file - (November 7, 2018)
  
               Welcome to MSC Nastran 2019.0
  
  
   MSC Nastran brings powerful new features and enhancements for engineering
   solutions.
  
     Dynamics
     -  RFORCE and GRAV loads can now be optionally applied to a subset of
        the model
  
     SOL 128 (Nonlinear Harmonics) Rotordynamics Enhancements
     -  Option to reset initial conditions
     -  Nonlinear load output
     -  Output for multiple harmonics
     -  Support for continuation procedure for frequency-independent analysis
  
     Pyramid Element
     -  The linear and quadratic pyramid element is available in linear
        solutions: statics, modes, buckling, frequency and transient dynamics,
        linear contact, acoustics, fatigue, rotordynamics, aeroelasticity and
        design optimization
     -  The element is also available in SOL 400 for linear, nlstatics,
        nltransient and linear perturbation solutions
  
     Assembly
     -  Module Instantiation:  Allow copy of a primary Module to create
        a secondary Module at a new position by translation, rotation and mirror
  
     Contact
     -  Support geometry adjustment of initial stress free in S2S Contact
     -  Support model check output in S2S Contact
     -  Allow user input minimum angle between segments on BCPARA
  
     SOL 400 Implicit Nonlinear Analysis
     -  Support Automatic SGLUE setup for permanent glued contact with large
        deformation
     -  Reduce the debug output when using "NLOPRM NLDBG(N3DSUM)"
     -  Support MONPNT1, MONPNT3, MONSUM, MONSUM1, and MONSUMT in NLSTAT
        and NLTRAN
  
     SOL 700 Explicit Nonlinear Analysis
     -  Support failure of ACS surface and DMP of ACS algorithm
     -  Support Occupant Safety, including Articulated Total Body (ATB),
        Initial Metric Method (IMM) and Air bag fabric material model (MATFAB)
     -  Support Viscoelastic Material (MATVE), Localized Cohesive friction, and
        User Defined Services (UDS)
  
     High Performance Computing (HPC)
1    -  Improved performance and scalability of acoustic coupling reduction
        with ACMS for large models
     -  Improved performance for ACMS Phase 1 for large solid models
     -  Improved performance (up to 10X) in the RANDOM module
     -  New DMP implementation for Panel Participation factor calculation
        (PFCALC) with linear parallel scaling
     -  Performance enhancements for FASTFR through shared-memory
        parallelization (SMP) of frequency processing
  
  
     Results HDF5 Database
     -  Support outputs of Aerodynamic solution SOL144, 145 and 146 results
     -  Support Modal effective  mass, Modules,  Contact Check and
        Global contact body data
     -  Support Bar/Beam end loads under the shear stress effect of 2D elements
  
  
     Documentation
     The complete documentation set is provided in a separate installer and
     when installed is available at: MSC_DOC_DIR/doc/pdf_nastran directory.
     Where MSC_DOC_DIR is the directory where documentation was installed
     This help set has cross references between documents, links to how-to
     videos, and example files.
  
     Individual MSC Nastran documents are available for download from the
       Simcompanion Website at:
       http://simcompanion.mscsoftware.com/
  
     These documents were updated for the MSC Nastran 2019 Release
  
         1.  MSC Nastran 2019.0 Installation and Operations Guide
         2.  MSC Nastran 2019.0 Quick Reference Guide
         3.  MSC Nastran 2019.0 Release Guide
         4.  MSC Nastran 2019.0 Linear Statics Analysis User's Guide
         5.  MSC Nastran 2019.0 Dynamic Analysis User's Guide
         6.  MSC Nastran 2019.0 Superelements User's Guide
         7.  MSC Nastran 2019.0 Rotordynamics User's Guide
         8.  MSC Nastran 2019.0 Demonstration Problems Manual
         9.  MSC Nastran 2019.0 Nastran Embedded Fatigue User's Guide
        10.  MSC Nastran 2019.0 Design Sensitivity and Optimization
        11.  MSC Nastran 2019.0 Nonlinear User's Guide SOL 400
        12.  MSC Nastran 2019.0 DMAP Programmer's Guide
        13.  MSC Nastran 2019.0 High Performance Computing User's Guide
        14.  MSC Nastran 2019.0 DEMATD Guide
        15.  MSC Nastran 2019.0 Explicit Nonlinear (SOL 700) User's Guide
  
   Please refer to  MSC_DOC_DIR/doc/pdf_nastran/nastran_library.pdf
   for the complete document set:
  
  
1  Additional information about the release can be found at the MSC Nastran
   Product Support page: http://simcompanion.mscsoftware.com
  
   The support page provides links to these valuable information:
      * A searchable Knowledge Base containing examples and answers to thousands
        of frequently asked questions written by MSC Software subject-matter
        experts.
      * Peer-to-peer Discussion Forums enabling you to post questions for your
        MSC Software products and receive answers from other users worldwide.
      * A list of known issues with the product and any workarounds.
      * Instructions on how to contact technical support
      * A mechanism for sending us product feedback or enhancement requests.
      * Hardware and software requirements.
      * Examples and Tutorials
      * and much more.
  
   For information on training, please visit our Training web site
  
      http://www.mscsoftware.com/Contents/Services/Training/
  
1                                                                             APRIL  20, 2025  MSC Nastran 12/18/18   PAGE     1
                                                                                                                                    
0        N A S T R A N    F I L E    A N D    S Y S T E M    P A R A M E T E R    E C H O                                           
0                                                                                                                                   
                                                                                                                                    
                                                                                                                                    
     $ SYSFIELD=SCR*(RAW=YES,BUFFIO=YES,WNUM=16,WSIZE=16MB) $(C:/MSC.SOFTWARE/MSC_NAS
     $ SYSFIELD=DBALL(RAW=YES,BUFFIO=YES,WNUM=16,WSIZE=16MB) $(C:/MSC.SOFTWARE/MSC_NA
     NASTRAN BUFFSIZE=32769 $(C:/MSC.SOFTWARE/MSC_NASTRAN/20190/CONF/NAST20190.RCF[6]
     $ DEC/CMS REPLACEMENT HISTORY, ELEMENT D10703.DAT                               
     $ *1    15-JUN-1990 16:35:18 CMSMGR "66B PLUS/G 66B/ INITIAL INSTALLATION OF DEM
     $ DEC/CMS REPLACEMENT HISTORY, ELEMENT D10703.DAT                               
     NASTRAN SYSTEM(7)=-1, SYSTEM(108)=2048   $                                      
1                                                                             APRIL  20, 2025  MSC Nastran 12/18/18   PAGE     2
                                                                                                                                    
0        N A S T R A N    E X E C U T I V E    C O N T R O L    E C H O                                                             
0                                                                                                                                   
                                                                                                                                    
                                                                                                                                    
     ID MSC, D10703 $ ABB 8-JUN-1988                                                         
     $ MODIFIED 14-JAN-2008 T_KOWALSKI V2008                                                 
     $ID MSC, D10701B $ ABB 14-JAN-1988                                                      
     $ID MSC, D07D1B   $                                                                     
     $DIAG 8,13                                                                              
     $DIAG 12                                                                                
     TIME  6   $  TIME IN MINUTES FOR IBM/145                                                
     $SOL 28                                                                                 
     SOL 107                                                                                 
     $SOL DIRECT COMPLEX EIGENVALUES, (3)                                                    
     $ALTER 33                                                                               
     $MATPRT MGG // 0 / 1 $                                                                  
     CEND                                                                                    
1    MSC/NASTRAN DEMONSTRATION PROBLEM  D-07                D10703            APRIL  20, 2025  MSC Nastran 12/18/18   PAGE     3
      STABILITY OF A MISSILE WITH AUTOPILOT                                                                                         
0     COMPLEX INVERSE POWER METHOD                                                                                                  
0                                        C A S E    C O N T R O L    E C H O                                                        
                 COMMAND                                                                                                            
                 COUNT                                                                                                              
                  1      ECHO = SORT                                                                             
                  2      TITLE = MSC/NASTRAN DEMONSTRATION PROBLEM  D-07                D10703                   
                  3      SUBTITLE = STABILITY OF A MISSILE WITH AUTOPILOT                                        
                  4      LABEL      = COMPLEX INVERSE POWER METHOD                                               
                  5      CMETHOD= 1 $ COMPLEX INVERSE POWER METHOD                                               
                  6      $CMETHOD= 2 $ HESS                                                                      
                  7      TFL = 1                                                                                 
                  8      K2PP = PILOT                                                                            
                  9      SDISPLACEMENT = ALL                                                                     
                 10      BEGIN BULK                                                                              
1    MSC/NASTRAN DEMONSTRATION PROBLEM  D-07                D10703            APRIL  20, 2025  MSC Nastran 12/18/18   PAGE     4
      STABILITY OF A MISSILE WITH AUTOPILOT                                                                                         
0     COMPLEX INVERSE POWER METHOD                                                                                                  
                                                  S O R T E D   B U L K   D A T A   E C H O                                         
                 ENTRY                                                                                                              
                 COUNT        .   1  ..   2  ..   3  ..   4  ..   5  ..   6  ..   7  ..   8  ..   9  ..  10  .                      
                    1-        BAROR           1                       1.                      1
                    2-        CBAR    1               1       2
                    3-        CBAR    2               2       3
                    4-        CBAR    3               3       4
                    5-        CBAR    4               4       5
                    6-        CBAR    5               5       6
                    7-        CBAR    6               6       7
                    8-        CBAR    7               7       8
                    9-        CBAR    8               8       9
                   10-        CBAR    9               9       10
                   11-        CBAR    10              10      11
                   12-        DMIG    PILOT   0       1       1       1
                   13-        DMIG    PILOT   20                      1       1       -0.718+6
                   14-        EIGC    1       INV     MAX                                             +
                   15-        +       0.0     18.     0.0     28.     4.      2       2
                   16-        EIGC    2       HESS    MAX                                             +
                   17-        +       0.0     14.     0.0     56.     44.     4       28
                   18-        EPOINT  20
                   19-        GRDSET                                                  2346
                   20-        GRID    1                               0.
                   21-        GRID    2                               5.
                   22-        GRID    3                               10.
                   23-        GRID    4                               15.
                   24-        GRID    5                               20.
                   25-        GRID    6                               25.
                   26-        GRID    7                               30.
                   27-        GRID    8                               35.
                   28-        GRID    9                               40.
                   29-        GRID    10                              45.
                   30-        GRID    11                              50.
                   31-        MAT1    1       6.894+10        .3      2600.
                   32-        OMIT1   5       1       3       4       5       6       7       9       +
                   33-        +       10      11
                   34-        PARAM   COUPMASS1
                   35-        PARAM   G       0.04
                   36-        PBAR    1       1       .0314   .007811                 1550.
                   37-        TF      1       20              1.      0.688   0.948                   +
                   38-        +       2       5       -.500   -.688                                   +
                   39-        +       8       5       -.500   -.688
                              ENDDATA
                        TOTAL COUNT= 40
                              INPUT BULK DATA ENTRY COUNT = 45
1    MSC/NASTRAN DEMONSTRATION PROBLEM  D-07                D10703            APRIL  20, 2025  MSC Nastran 12/18/18   PAGE     5
      STABILITY OF A MISSILE WITH AUTOPILOT                                                                                         
0     COMPLEX INVERSE POWER METHOD                                                                                                  
                                        M O D E L   S U M M A R Y          BULK = 0
                                   ENTRY NAME        NUMBER OF ENTRIES
                                   ----------        -----------------
                                        BAROR                        1
                                         CBAR                       10
                                         DMIG                        2
                                         EIGC                        2
                                       EPOINT                        1
                                       GRDSET                        1
                                         GRID                       11
                                         MAT1                        1
                                        OMIT1                        1
                                        PARAM                        2
                                         PBAR                        1
                                           TF                        1

 ^^^     
 ^^^ >>> IFP OPERATIONS COMPLETE <<< 
 ^^^     
1    MSC/NASTRAN DEMONSTRATION PROBLEM  D-07                D10703            APRIL  20, 2025  MSC Nastran 12/18/18   PAGE     6
      STABILITY OF A MISSILE WITH AUTOPILOT                                                                                         
0                                                                                                                                   
 *** USER INFORMATION MESSAGE 7310 (VECPRN)
     ORIGIN OF SUPERELEMENT OR MODULE BASIC COORDINATE SYSTEM WILL BE USED AS REFERENCE LOCATION.
     RESULTANTS ABOUT ORIGIN OF SUPERELEMENT OR MODULE BASIC COORDINATE SYSTEM IN SUPERELEMENT OR MODULE
     BASIC SYSTEM COORDINATES.
0                                                  OLOAD    RESULTANT       
  SUBCASE/    LOAD
  DAREA ID    TYPE       T1            T2            T3            R1            R2            R3
0        1     FX    0.000000E+00     ----          ----          ----       0.000000E+00  0.000000E+00                             
               FY       ----       0.000000E+00     ----       0.000000E+00     ----       0.000000E+00                             
               FZ       ----          ----       0.000000E+00  0.000000E+00  0.000000E+00     ----                                  
               MX       ----          ----          ----       0.000000E+00     ----          ----                                  
               MY       ----          ----          ----          ----       0.000000E+00     ----                                  
               MZ       ----          ----          ----          ----          ----       0.000000E+00                             
             TOTALS  0.000000E+00  0.000000E+00  0.000000E+00  0.000000E+00  0.000000E+00  0.000000E+00
  
 *** SYSTEM INFORMATION MESSAGE 4159 (DFMSA)
     THE DECOMPOSITION OF KOO      YIELDS A MAXIMUM MATRIX-TO-FACTOR-DIAGONAL RATIO OF    1.142857E+00
1    MSC/NASTRAN DEMONSTRATION PROBLEM  D-07                D10703            APRIL  20, 2025  MSC Nastran 12/18/18   PAGE     7
      STABILITY OF A MISSILE WITH AUTOPILOT                                                                                         
0     COMPLEX INVERSE POWER METHOD                                                                                                  
1    MSC/NASTRAN DEMONSTRATION PROBLEM  D-07                D10703            APRIL  20, 2025  MSC Nastran 12/18/18   PAGE     8
      STABILITY OF A MISSILE WITH AUTOPILOT                                                                                         
0     COMPLEX INVERSE POWER METHOD                                                                                                  
1    MSC/NASTRAN DEMONSTRATION PROBLEM  D-07                D10703            APRIL  20, 2025  MSC Nastran 12/18/18   PAGE     9
      STABILITY OF A MISSILE WITH AUTOPILOT                                                                                         
0     COMPLEX INVERSE POWER METHOD                                                                                                  
 
                                        C O M P L E X   E I G E N V A L U E   S U M M A R Y
0                ROOT     EXTRACTION                  EIGENVALUE                     FREQUENCY              DAMPING
                  NO.        ORDER             (REAL)           (IMAG)                (CYCLES)            COEFFICIENT
                      1           1         -2.736212E-01     1.418100E+01          2.256977E+00          3.858983E-02
                      2           2         -5.514075E-01     2.783572E+01          4.430193E+00          3.961869E-02
1    MSC/NASTRAN DEMONSTRATION PROBLEM  D-07                D10703            APRIL  20, 2025  MSC Nastran 12/18/18   PAGE    10
      STABILITY OF A MISSILE WITH AUTOPILOT                                                                                         
0     COMPLEX INVERSE POWER METHOD                                                                                                  
 
 
               C O M P L E X   E I G E N V A L U E   A N A L Y S I S   S U M M A R Y     (INVERSE POWER WITH SHIFTS)
0
0
0                                   NUMBER OF EIGENVALUES EXTRACTED  . . . . . . . . .        2
0                                   NUMBER OF STARTING POINTS USED . . . . . . . . . .        2
0                                   NUMBER OF STARTING POINT OR SHIFT POINT MOVES  . .        0
0                                   TOTAL NUMBER OF TRIANGULAR DECOMPOSITIONS  . . . .        2
0                                   TOTAL NUMBER OF VECTOR ITERATIONS  . . . . . . . .       52
0
0                                   REASON FOR TERMINATION . . . . . . . . . . . . . .        6
1    MSC/NASTRAN DEMONSTRATION PROBLEM  D-07                D10703            APRIL  20, 2025  MSC Nastran 12/18/18   PAGE    11
      STABILITY OF A MISSILE WITH AUTOPILOT                                                                                         
0     COMPLEX INVERSE POWER METHOD                                                                                                  
      COMPLEX EIGENVALUE = -2.736212E-01,  1.418100E+01
                             C O M P L E X   E I G E N V E C T O R   N O .          1   (SOLUTION SET)
                                                          (REAL/IMAGINARY)
 
      POINT ID.   TYPE          T1             T2             T3             R1             R2             R3
0            1      G     -9.996976E-01                                                                
                           2.734307E-03                                                                
0            2      G     -2.273826E-01                                                1.469413E-01    
                           2.301525E-03                                               -1.390984E-04    
0            3      G      3.970533E-01                                                                
                           1.322813E-03                                                                
0            4      G      6.616739E-01                                                                
                           9.486222E-05                                                                
0            5      G      4.827146E-01                                                                
                          -7.768721E-04                                                                
0            6      G     -1.318345E-04                                                                
                          -9.392756E-04                                                                
0            7      G     -4.828980E-01                                                                
                          -5.182943E-04                                                                
0            8      G     -6.616620E-01                                                7.783524E-03    
                           4.004081E-05                                                9.416629E-05    
0            9      G     -3.968401E-01                                                                
                           3.300604E-04                                                                
0           10      G      2.276904E-01                                                                
                           2.553356E-04                                                                
0           11      G      1.000000E+00                                                                
                           0.0                                                                         
0           20      E     -1.558787E-04                    
                          -7.957053E-03                    
1    MSC/NASTRAN DEMONSTRATION PROBLEM  D-07                D10703            APRIL  20, 2025  MSC Nastran 12/18/18   PAGE    12
      STABILITY OF A MISSILE WITH AUTOPILOT                                                                                         
0     COMPLEX INVERSE POWER METHOD                                                                                                  
      COMPLEX EIGENVALUE = -5.514075E-01,  2.783572E+01
                             C O M P L E X   E I G E N V E C T O R   N O .          2   (SOLUTION SET)
                                                          (REAL/IMAGINARY)
 
      POINT ID.   TYPE          T1             T2             T3             R1             R2             R3
0            1      G     -9.987194E-01                                                                
                           9.936021E-04                                                                
0            2      G      5.132852E-02                                                1.841471E-01    
                           7.535150E-04                                               -9.198338E-05    
0            3      G      6.410551E-01                                                                
                           1.354720E-04                                                                
0            4      G      3.956661E-01                                                                
                          -3.840759E-04                                                                
0            5      G     -3.272876E-01                                                                
                          -3.737337E-04                                                                
0            6      G     -7.092807E-01                                                                
                          -2.105270E-06                                                                
0            7      G     -3.263899E-01                                                                
                           2.470708E-04                                                                
0            8      G      3.965402E-01                                                1.213898E-01    
                           1.652672E-04                                               -3.924436E-05    
0            9      G      6.409202E-01                                                                
                          -3.198985E-05                                                                
0           10      G      5.031949E-02                                                                
                          -8.254237E-05                                                                
0           11      G     -1.000000E+00                                                                
                           0.0                                                                         
0           20      E     -1.618066E-04                    
                          -7.973676E-03                    
1    MSC/NASTRAN DEMONSTRATION PROBLEM  D-07                D10703            APRIL  20, 2025  MSC Nastran 12/18/18   PAGE    13
      STABILITY OF A MISSILE WITH AUTOPILOT                                                                                         
0     COMPLEX INVERSE POWER METHOD                                                                                                  
 * * * *  D B D I C T   P R I N T  * * * *      SUBDMAP = PRTSUM  ,  DMAP STATEMENT NO.     71



0                                   * * * *  A N A L Y S I S  S U M M A R Y  T A B L E  * * * *
0 SEID  PEID PROJ VERS APRCH      SEMG SEMR SEKR SELG SELR MODES DYNRED SOLLIN PVALID SOLNL LOOPID DESIGN CYCLE SENSITIVITY
 --------------------------------------------------------------------------------------------------------------------------
     0     0    1    1 '        '    T    T    T    T    T     T      F      T      0     F     -1            0           F
0SEID = SUPERELEMENT ID.
 PEID = PRIMARY SUPERELEMENT ID OF IMAGE SUPERELEMENT.
 PROJ = PROJECT ID NUMBER.
 VERS = VERSION ID.
 APRCH = BLANK FOR STRUCTURAL ANALYSIS.  HEAT FOR HEAT TRANSFER ANALYSIS.
 SEMG = STIFFNESS AND MASS MATRIX GENERATION STEP.
 SEMR = MASS MATRIX REDUCTION STEP (INCLUDES EIGENVALUE SOLUTION FOR MODES).
 SEKR = STIFFNESS MATRIX REDUCTION STEP.
 SELG = LOAD MATRIX GENERATION STEP.
 SELR = LOAD MATRIX REDUCTION STEP. 
 MODES = T (TRUE) IF NORMAL MODES OR BUCKLING MODES CALCULATED.
 DYNRED = T (TRUE) MEANS GENERALIZED DYNAMIC AND/OR COMPONENT MODE REDUCTION PERFORMED.
 SOLLIN = T (TRUE) IF LINEAR SOLUTION EXISTS IN DATABASE.
 PVALID = P-DISTRIBUTION ID OF P-VALUE FOR P-ELEMENTS
 LOOPID = THE LAST LOOPID VALUE USED IN THE NONLINEAR ANALYSIS.  USEFUL FOR RESTARTS.
 SOLNL = T (TRUE) IF NONLINEAR SOLUTION EXISTS IN DATABASE.
 DESIGN CYCLE = THE LAST DESIGN CYCLE (ONLY VALID IN OPTIMIZATION).
 SENSITIVITY = SENSITIVITY MATRIX GENERATION FLAG.
 
 No PARAM values were set in the Control File.
 
1                                        * * * END OF JOB * * *
 
 
 No Symbolic Replacement variables or values were specified.

